Fri Feb 24 11:57:18 PM EST 2023	33/33	1	\|	37/33	~1.12121212121212121212
uum.corpus Fri Feb 24 11:57:26 PM EST 2023	33/33	1	\|	37/33	~1.12121212121212121212
uum.corpus Fri Feb 24 11:57:42 PM EST 2023	333/1178	~0.28268251273344651952	\|	1341/1178	~1.13837011884550084890
uum.corpus Fri Feb 24 11:58:03 PM EST 2023	333/1178	~0.28268251273344651952	\|	1341/1178	~1.13837011884550084890
uum.corpus Fri Mar 17 11:22:06 AM EDT 2023	1/1	1	\|	1/1	1
uum.corpus Fri Mar 17 11:22:17 AM EDT 2023	1/1	1	\|	1/1	1
uum.corpus Fri Mar 17 11:22:22 AM EDT 2023	1/1	1	\|	1/1	1
uum.corpus Fri Mar 17 11:22:56 AM EDT 2023	136700/288420	~0.47396158380140073504	\|	340594/288420	~1.18089591567852437418
uum.corpus Fri Mar 17 11:25:55 AM EDT 2023	136700/288420	~0.47396158380140073504	\|	340594/288420	~1.18089591567852437418
uum.corpus Fri Mar 17 11:26:03 AM EDT 2023	107355/288430	~0.37220469437991887113	\|	337872/288430	~1.17141767499913323857
uum.corpus Fri Mar 17 11:27:48 AM EDT 2023	107355/288430	~0.37220469437991887113	\|	337872/288430	~1.17141767499913323857
uum.corpus Fri Mar 17 11:31:19 AM EDT 2023	141942/288420	~0.49213646765134179322	\|	338114/288420	~1.17229734415089106165
uum.corpus Fri Mar 17 11:37:33 AM EDT 2023	146031/288420	~0.50631370917412107343	\|	338114/288420	~1.17229734415089106165
uum.corpus Fri Mar 17 11:39:36 AM EDT 2023	148213/288420	~0.51387906525206296373	\|	338114/288420	~1.17229734415089106165
uum.corpus Fri Mar 17 11:41:34 AM EDT 2023	150134/288420	~0.52053949102004021912	\|	338114/288420	~1.17229734415089106165
uum.corpus Fri Mar 17 11:47:12 AM EDT 2023	152030/288420	~0.52711323763955342903	\|	338114/288420	~1.17229734415089106165
uum.corpus Fri Mar 17 11:49:09 AM EDT 2023	152703/288420	~0.52944664031620553360	\|	338114/288420	~1.17229734415089106165
uum.corpus Fri Mar 17 11:52:43 AM EDT 2023	153578/288420	~0.53248041051244712572	\|	338114/288420	~1.17229734415089106165
uum.corpus Fri Mar 17 11:53:15 AM EDT 2023	154030/288420	~0.53404756951667706816	\|	338114/288420	~1.17229734415089106165
uum.corpus Fri Mar 17 11:53:47 AM EDT 2023	154465/288420	~0.53555578669995145968	\|	338114/288420	~1.17229734415089106165
uum.corpus Fri Mar 17 11:54:26 AM EDT 2023	155045/288420	~0.53756674294431731503	\|	338114/288420	~1.17229734415089106165
uum.corpus Fri Mar 17 11:54:50 AM EDT 2023	155394/288420	~0.53877678385687539006	\|	338114/288420	~1.17229734415089106165
uum.corpus Fri Mar 17 11:55:13 AM EDT 2023	155738/288420	~0.53996948893974065599	\|	338114/288420	~1.17229734415089106165
uum.corpus Fri Mar 17 11:56:43 AM EDT 2023	156045/288420	~0.54103390888287913460	\|	338114/288420	~1.17229734415089106165
uum.corpus Fri Mar 17 11:57:04 AM EDT 2023	156423/288420	~0.54234449760765550239	\|	338114/288420	~1.17229734415089106165
uum.corpus Fri Mar 17 11:58:08 AM EDT 2023	156814/288420	~0.54370015948963317384	\|	338114/288420	~1.17229734415089106165
uum.corpus Fri Mar 17 11:58:35 AM EDT 2023	156950/288420	~0.54417169405727758131	\|	338114/288420	~1.17229734415089106165
uum.corpus Fri Mar 17 11:58:52 AM EDT 2023	157120/288420	~0.54476111226683309063	\|	338114/288420	~1.17229734415089106165
uum.corpus Fri Mar 17 11:59:13 AM EDT 2023	157257/288420	~0.54523611400041605991	\|	338114/288420	~1.17229734415089106165
uum.corpus Fri Mar 17 11:59:29 AM EDT 2023	157454/288420	~0.54591914569031273837	\|	338114/288420	~1.17229734415089106165
uum.corpus Fri Mar 17 11:59:42 AM EDT 2023	157670/288420	~0.54666805353304209139	\|	338114/288420	~1.17229734415089106165
uum.corpus Mon Mar 20 06:12:48 PM EDT 2023	161304/288420	~0.55926773455377574371	\|	353280/288420	~1.22488038277511961722
uum.corpus Wed Mar 22 07:40:45 PM EDT 2023	0/0	Error 10002	\|	0/0	Error 10002
uum.corpus Wed Mar 22 07:41:10 PM EDT 2023	0/0	Error 10002	\|	0/0	Error 10002
uum.corpus Wed Mar 22 07:43:18 PM EDT 2023	33/33	1	\|	37/33	~1.12121212121212121212
uum.corpus Wed Mar 22 07:43:47 PM EDT 2023	106442/299334	~0.35559608998643655582	\|	348428/299334	~1.16401077057734838007
uum.corpus Wed Mar 22 07:44:45 PM EDT 2023	332/1178	~0.28183361629881154499	\|	1348/1178	~1.14431239388794567063
uum.narratives Wed Mar 22 07:47:24 PM EDT 2023	646/3036	~0.21277997364953886693	\|	3370/3036	~1.11001317523056653491
uum.corpus Wed Mar 22 07:47:40 PM EDT 2023	106442/299334	~0.35559608998643655582	\|	348428/299334	~1.16401077057734838007
uum.corpus Wed Mar 22 07:51:45 PM EDT 2023	332/1178	~0.28183361629881154499	\|	1348/1178	~1.14431239388794567063
uum.corpus Wed Mar 22 07:55:06 PM EDT 2023	332/1178	~0.28183361629881154499	\|	1348/1178	~1.14431239388794567063
uum.corpus Wed Mar 22 07:56:24 PM EDT 2023	1/1	1	\|	1/1	1
uum.corpus Wed Mar 22 07:56:30 PM EDT 2023	106442/299334	~0.35559608998643655582	\|	348428/299334	~1.16401077057734838007
uum.corpus Wed Mar 22 08:00:38 PM EDT 2023	106442/299334	~0.35559608998643655582	\|	348428/299334	~1.16401077057734838007
uum.corpus Sat May 6 02:02:31 PM EDT 2023	1/1	1	\|	1/1	1
uum.large.txt Sat May 6 02:02:49 PM EDT 2023	233/240	~0.97083333333333333333	\|	359/240	~1.49583333333333333333
uum.large.txt Sat May 6 02:10:06 PM EDT 2023	167163/288636	~0.57914813121024404440	\|	371783/288636	~1.28806870937790157846
uum.large.txt Sat May 6 02:15:04 PM EDT 2023	166625/287378	~0.57981125903861812665	\|	370345/287378	~1.28870338021699642979
uum.large.txt Sat May 6 02:40:14 PM EDT 2023	169271/287386	~0.58900224784784227485	\|	370353/287386	~1.28869534354491868080
uum.large.txt Sat May 6 02:44:34 PM EDT 2023	170726/287386	~0.59406512495389476175	\|	370651/287386	~1.28973227645048819358
uum.large.txt Sat May 6 02:47:09 PM EDT 2023	172107/287386	~0.59887050865386622870	\|	371669/287386	~1.29327455060441357617
uum.large.txt Sat May 6 02:54:53 PM EDT 2023	172334/287386	~0.59966038707522287098	\|	371669/287386	~1.29327455060441357617
uum.large.txt Sat May 6 03:01:02 PM EDT 2023	172637/287386	~0.60071471818390596619	\|	372189/287386	~1.29508396372822614880
uum.corpus Sat May 6 05:28:44 PM EDT 2023	1/1	1	\|	1/1	1
uum.large.txt Sat May 6 05:29:04 PM EDT 2023	172637/287386	~0.60071471818390596619	\|	372189/287386	~1.29508396372822614880
